<?xml version="1.0" encoding="UTF-8"?>
<coverage generated="1564510346199" clover="3.2.0">
  <project timestamp="1564510346199" name="All files">
    <metrics statements="28" coveredstatements="28" conditionals="15" coveredconditionals="15" methods="6" coveredmethods="6" elements="49" coveredelements="49" complexity="0" loc="28" ncloc="28" packages="2" files="2" classes="2"/>
    <package name="actions">
      <metrics statements="12" coveredstatements="12" conditionals="0" coveredconditionals="0" methods="4" coveredmethods="4"/>
      <file name="fiscalPrinterServerCreatedActions.js" path="C:\Users\mmwoj\source\repos\fiscal-printer-simulator\SourceCodes\FiscalPrinterSimulatorClient\src\store\actions\fiscalPrinterServerCreatedActions.js">
        <metrics statements="12" coveredstatements="12" conditionals="0" coveredconditionals="0" methods="4" coveredmethods="4"/>
        <line num="1" count="5" type="stmt"/>
        <line num="2" count="5" type="stmt"/>
        <line num="3" count="5" type="stmt"/>
        <line num="4" count="5" type="stmt"/>
        <line num="7" count="5" type="stmt"/>
        <line num="8" count="2" type="stmt"/>
        <line num="15" count="5" type="stmt"/>
        <line num="16" count="2" type="stmt"/>
        <line num="22" count="5" type="stmt"/>
        <line num="23" count="2" type="stmt"/>
        <line num="30" count="5" type="stmt"/>
        <line num="31" count="2" type="stmt"/>
      </file>
    </package>
    <package name="reducers">
      <metrics statements="16" coveredstatements="16" conditionals="15" coveredconditionals="15" methods="2" coveredmethods="2"/>
      <file name="mainReducer.js" path="C:\Users\mmwoj\source\repos\fiscal-printer-simulator\SourceCodes\FiscalPrinterSimulatorClient\src\store\reducers\mainReducer.js">
        <metrics statements="16" coveredstatements="16" conditionals="15" coveredconditionals="15" methods="2" coveredmethods="2"/>
        <line num="25" count="4" type="stmt"/>
        <line num="26" count="4" type="stmt"/>
        <line num="34" count="4" type="stmt"/>
        <line num="43" count="4" type="cond" truecount="1" falsecount="0"/>
        <line num="45" count="21" type="cond" truecount="14" falsecount="0"/>
        <line num="47" count="1" type="stmt"/>
        <line num="52" count="1" type="stmt"/>
        <line num="59" count="1" type="stmt"/>
        <line num="66" count="1" type="stmt"/>
        <line num="72" count="1" type="stmt"/>
        <line num="78" count="1" type="stmt"/>
        <line num="85" count="2" type="stmt"/>
        <line num="93" count="3" type="stmt"/>
        <line num="99" count="1" type="stmt"/>
        <line num="106" count="1" type="stmt"/>
        <line num="112" count="8" type="stmt"/>
      </file>
    </package>
  </project>
</coverage>
