{"C:\\Users\\mmwoj\\source\\repos\\fiscal-printer-simulator\\SourceCodes\\FiscalPrinterSimulatorClient\\src\\store\\actions\\fiscalPrinterServerCreatedActions.js": {"path":"C:\\Users\\mmwoj\\source\\repos\\fiscal-printer-simulator\\SourceCodes\\FiscalPrinterSimulatorClient\\src\\store\\actions\\fiscalPrinterServerCreatedActions.js","statementMap":{"0":{"start":{"line":1,"column":31},"end":{"line":1,"column":47}},"1":{"start":{"line":2,"column":35},"end":{"line":2,"column":56}},"2":{"start":{"line":3,"column":35},"end":{"line":3,"column":56}},"3":{"start":{"line":4,"column":40},"end":{"line":4,"column":66}},"4":{"start":{"line":7,"column":37},"end":{"line":14,"column":1}},"5":{"start":{"line":8,"column":4},"end":{"line":13,"column":5}},"6":{"start":{"line":15,"column":42},"end":{"line":21,"column":1}},"7":{"start":{"line":16,"column":4},"end":{"line":20,"column":5}},"8":{"start":{"line":22,"column":37},"end":{"line":29,"column":1}},"9":{"start":{"line":23,"column":4},"end":{"line":28,"column":5}},"10":{"start":{"line":30,"column":38},"end":{"line":35,"column":1}},"11":{"start":{"line":31,"column":4},"end":{"line":34,"column":6}}},"fnMap":{"0":{"name":"(anonymous_0)","decl":{"start":{"line":7,"column":37},"end":{"line":7,"column":38}},"loc":{"start":{"line":7,"column":51},"end":{"line":14,"column":1}},"line":7},"1":{"name":"(anonymous_1)","decl":{"start":{"line":15,"column":42},"end":{"line":15,"column":43}},"loc":{"start":{"line":15,"column":48},"end":{"line":21,"column":1}},"line":15},"2":{"name":"(anonymous_2)","decl":{"start":{"line":22,"column":37},"end":{"line":22,"column":38}},"loc":{"start":{"line":22,"column":51},"end":{"line":29,"column":1}},"line":22},"3":{"name":"(anonymous_3)","decl":{"start":{"line":30,"column":38},"end":{"line":30,"column":39}},"loc":{"start":{"line":30,"column":44},"end":{"line":35,"column":1}},"line":30}},"branchMap":{},"s":{"0":5,"1":5,"2":5,"3":5,"4":5,"5":2,"6":5,"7":2,"8":5,"9":2,"10":5,"11":2},"f":{"0":2,"1":2,"2":2,"3":2},"b":{},"_coverageSchema":"43e27e138ebf9cfc5966b082cf9a028302ed4184","hash":"61e08f31a04911f3dcf8e3c623e6162c14f4a01d"}
,"C:\\Users\\mmwoj\\source\\repos\\fiscal-printer-simulator\\SourceCodes\\FiscalPrinterSimulatorClient\\src\\store\\reducers\\mainReducer.js": {"path":"C:\\Users\\mmwoj\\source\\repos\\fiscal-printer-simulator\\SourceCodes\\FiscalPrinterSimulatorClient\\src\\store\\reducers\\mainReducer.js","statementMap":{"0":{"start":{"line":25,"column":20},"end":{"line":32,"column":1}},"1":{"start":{"line":26,"column":4},"end":{"line":31,"column":17}},"2":{"start":{"line":34,"column":20},"end":{"line":41,"column":1}},"3":{"start":{"line":43,"column":20},"end":{"line":114,"column":1}},"4":{"start":{"line":45,"column":4},"end":{"line":113,"column":5}},"5":{"start":{"line":47,"column":12},"end":{"line":49,"column":14}},"6":{"start":{"line":52,"column":12},"end":{"line":56,"column":14}},"7":{"start":{"line":59,"column":12},"end":{"line":63,"column":14}},"8":{"start":{"line":66,"column":12},"end":{"line":69,"column":14}},"9":{"start":{"line":72,"column":12},"end":{"line":75,"column":14}},"10":{"start":{"line":78,"column":12},"end":{"line":81,"column":14}},"11":{"start":{"line":85,"column":12},"end":{"line":88,"column":14}},"12":{"start":{"line":93,"column":12},"end":{"line":96,"column":14}},"13":{"start":{"line":99,"column":12},"end":{"line":103,"column":13}},"14":{"start":{"line":106,"column":12},"end":{"line":109,"column":14}},"15":{"start":{"line":112,"column":12},"end":{"line":112,"column":24}}},"fnMap":{"0":{"name":"(anonymous_0)","decl":{"start":{"line":25,"column":20},"end":{"line":25,"column":21}},"loc":{"start":{"line":25,"column":38},"end":{"line":32,"column":1}},"line":25},"1":{"name":"(anonymous_1)","decl":{"start":{"line":43,"column":20},"end":{"line":43,"column":21}},"loc":{"start":{"line":43,"column":52},"end":{"line":114,"column":1}},"line":43}},"branchMap":{"0":{"loc":{"start":{"line":43,"column":21},"end":{"line":43,"column":39}},"type":"default-arg","locations":[{"start":{"line":43,"column":28},"end":{"line":43,"column":39}}],"line":43},"1":{"loc":{"start":{"line":45,"column":4},"end":{"line":113,"column":5}},"type":"switch","locations":[{"start":{"line":46,"column":8},"end":{"line":49,"column":14}},{"start":{"line":51,"column":8},"end":{"line":56,"column":14}},{"start":{"line":58,"column":8},"end":{"line":63,"column":14}},{"start":{"line":65,"column":8},"end":{"line":69,"column":14}},{"start":{"line":71,"column":8},"end":{"line":75,"column":14}},{"start":{"line":77,"column":8},"end":{"line":81,"column":14}},{"start":{"line":83,"column":8},"end":{"line":83,"column":41}},{"start":{"line":84,"column":8},"end":{"line":88,"column":14}},{"start":{"line":90,"column":8},"end":{"line":90,"column":35}},{"start":{"line":91,"column":8},"end":{"line":91,"column":40}},{"start":{"line":92,"column":8},"end":{"line":96,"column":14}},{"start":{"line":98,"column":8},"end":{"line":103,"column":13}},{"start":{"line":105,"column":8},"end":{"line":109,"column":14}},{"start":{"line":111,"column":8},"end":{"line":112,"column":24}}],"line":45}},"s":{"0":4,"1":4,"2":4,"3":4,"4":21,"5":1,"6":1,"7":1,"8":1,"9":1,"10":1,"11":2,"12":3,"13":1,"14":1,"15":8},"f":{"0":4,"1":21},"b":{"0":[20],"1":[1,1,1,1,1,1,1,2,1,2,3,1,1,8]},"_coverageSchema":"43e27e138ebf9cfc5966b082cf9a028302ed4184","hash":"cab58af3af5890ff46bd691e0aec1efe2a38c1fd"}
}
