TN:
SF:C:\Users\mmwoj\source\repos\fiscal-printer-simulator\SourceCodes\FiscalPrinterSimulatorClient\src\store\actions\fiscalPrinterServerCreatedActions.js
FN:7,(anonymous_0)
FN:15,(anonymous_1)
FN:22,(anonymous_2)
FN:30,(anonymous_3)
FNF:4
FNH:4
FNDA:2,(anonymous_0)
FNDA:2,(anonymous_1)
FNDA:2,(anonymous_2)
FNDA:2,(anonymous_3)
DA:1,5
DA:2,5
DA:3,5
DA:4,5
DA:7,5
DA:8,2
DA:15,5
DA:16,2
DA:22,5
DA:23,2
DA:30,5
DA:31,2
LF:12
LH:12
BRF:0
BRH:0
end_of_record
TN:
SF:C:\Users\mmwoj\source\repos\fiscal-printer-simulator\SourceCodes\FiscalPrinterSimulatorClient\src\store\reducers\mainReducer.js
FN:25,(anonymous_0)
FN:43,(anonymous_1)
FNF:2
FNH:2
FNDA:4,(anonymous_0)
FNDA:21,(anonymous_1)
DA:25,4
DA:26,4
DA:34,4
DA:43,4
DA:45,21
DA:47,1
DA:52,1
DA:59,1
DA:66,1
DA:72,1
DA:78,1
DA:85,2
DA:93,3
DA:99,1
DA:106,1
DA:112,8
LF:16
LH:16
BRDA:43,0,0,20
BRDA:45,1,0,1
BRDA:45,1,1,1
BRDA:45,1,2,1
BRDA:45,1,3,1
BRDA:45,1,4,1
BRDA:45,1,5,1
BRDA:45,1,6,1
BRDA:45,1,7,2
BRDA:45,1,8,1
BRDA:45,1,9,2
BRDA:45,1,10,3
BRDA:45,1,11,1
BRDA:45,1,12,1
BRDA:45,1,13,8
BRF:15
BRH:15
end_of_record
